{"C:\\Users\\erikh\\Desktop\\pari\\src\\App.js": {"path":"C:\\Users\\erikh\\Desktop\\pari\\src\\App.js","statementMap":{"0":{"start":{"line":12,"column":1},"end":{"line":22,"column":3}}},"fnMap":{"0":{"name":"App","decl":{"start":{"line":11,"column":9},"end":{"line":11,"column":12}},"loc":{"start":{"line":11,"column":15},"end":{"line":23,"column":1}},"line":11}},"branchMap":{},"s":{"0":9},"f":{"0":9},"b":{},"_coverageSchema":"1a1c01bbd47fc00a2c39e90264f33305004495a9","hash":"2d2c1c3b1fe1ee71ddf75c2e19bc768b42c6adb5"}
,"C:\\Users\\erikh\\Desktop\\pari\\src\\components\\Error\\Error.js": {"path":"C:\\Users\\erikh\\Desktop\\pari\\src\\components\\Error\\Error.js","statementMap":{"0":{"start":{"line":4,"column":14},"end":{"line":4,"column":83}},"1":{"start":{"line":4,"column":27},"end":{"line":4,"column":83}}},"fnMap":{"0":{"name":"(anonymous_0)","decl":{"start":{"line":4,"column":14},"end":{"line":4,"column":15}},"loc":{"start":{"line":4,"column":27},"end":{"line":4,"column":83}},"line":4}},"branchMap":{},"s":{"0":2,"1":3},"f":{"0":3},"b":{},"_coverageSchema":"1a1c01bbd47fc00a2c39e90264f33305004495a9","hash":"6bf56fb5f0ed2126e921f7fb1bbc067d62044ccf"}
,"C:\\Users\\erikh\\Desktop\\pari\\src\\components\\Loader\\Loader.js": {"path":"C:\\Users\\erikh\\Desktop\\pari\\src\\components\\Loader\\Loader.js","statementMap":{"0":{"start":{"line":4,"column":15},"end":{"line":8,"column":1}},"1":{"start":{"line":5,"column":3},"end":{"line":7,"column":9}}},"fnMap":{"0":{"name":"(anonymous_0)","decl":{"start":{"line":4,"column":15},"end":{"line":4,"column":16}},"loc":{"start":{"line":5,"column":3},"end":{"line":7,"column":9}},"line":5}},"branchMap":{},"s":{"0":2,"1":4},"f":{"0":4},"b":{},"_coverageSchema":"1a1c01bbd47fc00a2c39e90264f33305004495a9","hash":"908c1cee75b68fa7934d2e9920d8f65c2e39900a"}
,"C:\\Users\\erikh\\Desktop\\pari\\src\\components\\Scoreboard\\Scoreboard.js": {"path":"C:\\Users\\erikh\\Desktop\\pari\\src\\components\\Scoreboard\\Scoreboard.js","statementMap":{"0":{"start":{"line":8,"column":19},"end":{"line":22,"column":1}},"1":{"start":{"line":9,"column":38},"end":{"line":9,"column":74}},"2":{"start":{"line":9,"column":59},"end":{"line":9,"column":73}},"3":{"start":{"line":11,"column":3},"end":{"line":13,"column":4}},"4":{"start":{"line":12,"column":6},"end":{"line":12,"column":36}},"5":{"start":{"line":15,"column":3},"end":{"line":17,"column":4}},"6":{"start":{"line":16,"column":6},"end":{"line":16,"column":23}},"7":{"start":{"line":19,"column":3},"end":{"line":21,"column":4}}},"fnMap":{"0":{"name":"(anonymous_0)","decl":{"start":{"line":8,"column":19},"end":{"line":8,"column":20}},"loc":{"start":{"line":8,"column":25},"end":{"line":22,"column":1}},"line":8},"1":{"name":"(anonymous_1)","decl":{"start":{"line":9,"column":50},"end":{"line":9,"column":51}},"loc":{"start":{"line":9,"column":59},"end":{"line":9,"column":73}},"line":9}},"branchMap":{"0":{"loc":{"start":{"line":11,"column":3},"end":{"line":13,"column":4}},"type":"if","locations":[{"start":{"line":11,"column":3},"end":{"line":13,"column":4}},{"start":{},"end":{}}],"line":11},"1":{"loc":{"start":{"line":15,"column":3},"end":{"line":17,"column":4}},"type":"if","locations":[{"start":{"line":15,"column":3},"end":{"line":17,"column":4}},{"start":{},"end":{}}],"line":15}},"s":{"0":1,"1":0,"2":0,"3":0,"4":0,"5":0,"6":0,"7":0},"f":{"0":0,"1":0},"b":{"0":[0,0],"1":[0,0]},"_coverageSchema":"1a1c01bbd47fc00a2c39e90264f33305004495a9","hash":"8cf99a24407f08e128bd4721e6354d603c5813ef"}
,"C:\\Users\\erikh\\Desktop\\pari\\src\\components\\SearchInput\\SearchInput.js": {"path":"C:\\Users\\erikh\\Desktop\\pari\\src\\components\\SearchInput\\SearchInput.js","statementMap":{"0":{"start":{"line":6,"column":20},"end":{"line":38,"column":1}},"1":{"start":{"line":7,"column":27},"end":{"line":7,"column":43}},"2":{"start":{"line":8,"column":27},"end":{"line":8,"column":39}},"3":{"start":{"line":9,"column":33},"end":{"line":9,"column":45}},"4":{"start":{"line":11,"column":1},"end":{"line":14,"column":8}},"5":{"start":{"line":12,"column":2},"end":{"line":12,"column":22}},"6":{"start":{"line":16,"column":25},"end":{"line":22,"column":4}},"7":{"start":{"line":17,"column":6},"end":{"line":21,"column":7}},"8":{"start":{"line":18,"column":9},"end":{"line":18,"column":29}},"9":{"start":{"line":19,"column":9},"end":{"line":19,"column":35}},"10":{"start":{"line":20,"column":9},"end":{"line":20,"column":21}},"11":{"start":{"line":24,"column":3},"end":{"line":37,"column":5}},"12":{"start":{"line":31,"column":30},"end":{"line":31,"column":53}},"13":{"start":{"line":35,"column":32},"end":{"line":35,"column":51}}},"fnMap":{"0":{"name":"(anonymous_0)","decl":{"start":{"line":6,"column":20},"end":{"line":6,"column":21}},"loc":{"start":{"line":6,"column":26},"end":{"line":38,"column":1}},"line":6},"1":{"name":"(anonymous_1)","decl":{"start":{"line":11,"column":11},"end":{"line":11,"column":12}},"loc":{"start":{"line":11,"column":17},"end":{"line":14,"column":2}},"line":11},"2":{"name":"(anonymous_2)","decl":{"start":{"line":16,"column":25},"end":{"line":16,"column":26}},"loc":{"start":{"line":16,"column":35},"end":{"line":22,"column":4}},"line":16},"3":{"name":"(anonymous_3)","decl":{"start":{"line":31,"column":25},"end":{"line":31,"column":26}},"loc":{"start":{"line":31,"column":30},"end":{"line":31,"column":53}},"line":31},"4":{"name":"(anonymous_4)","decl":{"start":{"line":35,"column":26},"end":{"line":35,"column":27}},"loc":{"start":{"line":35,"column":32},"end":{"line":35,"column":51}},"line":35}},"branchMap":{"0":{"loc":{"start":{"line":17,"column":6},"end":{"line":21,"column":7}},"type":"if","locations":[{"start":{"line":17,"column":6},"end":{"line":21,"column":7}},{"start":{},"end":{}}],"line":17}},"s":{"0":1,"1":0,"2":0,"3":0,"4":0,"5":0,"6":0,"7":0,"8":0,"9":0,"10":0,"11":0,"12":0,"13":0},"f":{"0":0,"1":0,"2":0,"3":0,"4":0},"b":{"0":[0,0]},"_coverageSchema":"1a1c01bbd47fc00a2c39e90264f33305004495a9","hash":"137cd72e3b4e3f30f3f80ac91fd263248f8e5f53"}
,"C:\\Users\\erikh\\Desktop\\pari\\src\\components\\WeeklyForecast\\WeeklyForecast.js": {"path":"C:\\Users\\erikh\\Desktop\\pari\\src\\components\\WeeklyForecast\\WeeklyForecast.js","statementMap":{"0":{"start":{"line":10,"column":23},"end":{"line":43,"column":1}},"1":{"start":{"line":11,"column":18},"end":{"line":11,"column":54}},"2":{"start":{"line":11,"column":39},"end":{"line":11,"column":53}},"3":{"start":{"line":12,"column":44},"end":{"line":12,"column":86}},"4":{"start":{"line":12,"column":65},"end":{"line":12,"column":85}},"5":{"start":{"line":13,"column":33},"end":{"line":13,"column":45}},"6":{"start":{"line":15,"column":3},"end":{"line":18,"column":10}},"7":{"start":{"line":16,"column":6},"end":{"line":16,"column":32}},"8":{"start":{"line":20,"column":3},"end":{"line":26,"column":4}},"9":{"start":{"line":21,"column":6},"end":{"line":25,"column":7}},"10":{"start":{"line":28,"column":3},"end":{"line":34,"column":4}},"11":{"start":{"line":29,"column":6},"end":{"line":33,"column":7}},"12":{"start":{"line":36,"column":3},"end":{"line":42,"column":5}},"13":{"start":{"line":39,"column":12},"end":{"line":39,"column":83}}},"fnMap":{"0":{"name":"(anonymous_0)","decl":{"start":{"line":10,"column":23},"end":{"line":10,"column":24}},"loc":{"start":{"line":10,"column":29},"end":{"line":43,"column":1}},"line":10},"1":{"name":"(anonymous_1)","decl":{"start":{"line":11,"column":30},"end":{"line":11,"column":31}},"loc":{"start":{"line":11,"column":39},"end":{"line":11,"column":53}},"line":11},"2":{"name":"(anonymous_2)","decl":{"start":{"line":12,"column":56},"end":{"line":12,"column":57}},"loc":{"start":{"line":12,"column":65},"end":{"line":12,"column":85}},"line":12},"3":{"name":"(anonymous_3)","decl":{"start":{"line":15,"column":13},"end":{"line":15,"column":14}},"loc":{"start":{"line":15,"column":19},"end":{"line":18,"column":4}},"line":15},"4":{"name":"(anonymous_4)","decl":{"start":{"line":38,"column":29},"end":{"line":38,"column":30}},"loc":{"start":{"line":39,"column":12},"end":{"line":39,"column":83}},"line":39}},"branchMap":{"0":{"loc":{"start":{"line":20,"column":3},"end":{"line":26,"column":4}},"type":"if","locations":[{"start":{"line":20,"column":3},"end":{"line":26,"column":4}},{"start":{},"end":{}}],"line":20},"1":{"loc":{"start":{"line":28,"column":3},"end":{"line":34,"column":4}},"type":"if","locations":[{"start":{"line":28,"column":3},"end":{"line":34,"column":4}},{"start":{},"end":{}}],"line":28}},"s":{"0":1,"1":0,"2":0,"3":0,"4":0,"5":0,"6":0,"7":0,"8":0,"9":0,"10":0,"11":0,"12":0,"13":0},"f":{"0":0,"1":0,"2":0,"3":0,"4":0},"b":{"0":[0,0],"1":[0,0]},"_coverageSchema":"1a1c01bbd47fc00a2c39e90264f33305004495a9","hash":"83ecd01d0572b083d04a1be70454bc52f32ebf4d"}
,"C:\\Users\\erikh\\Desktop\\pari\\src\\components\\WeeklyForecast\\WeeklyForecastItem\\WeeklyForecastItem.js": {"path":"C:\\Users\\erikh\\Desktop\\pari\\src\\components\\WeeklyForecast\\WeeklyForecastItem\\WeeklyForecastItem.js","statementMap":{"0":{"start":{"line":4,"column":27},"end":{"line":91,"column":1}},"1":{"start":{"line":5,"column":22},"end":{"line":10,"column":4}},"2":{"start":{"line":6,"column":26},"end":{"line":6,"column":58}},"3":{"start":{"line":7,"column":25},"end":{"line":7,"column":74}},"4":{"start":{"line":9,"column":6},"end":{"line":9,"column":31}},"5":{"start":{"line":12,"column":23},"end":{"line":20,"column":4}},"6":{"start":{"line":13,"column":26},"end":{"line":13,"column":82}},"7":{"start":{"line":14,"column":23},"end":{"line":14,"column":55}},"8":{"start":{"line":15,"column":6},"end":{"line":15,"column":41}},"9":{"start":{"line":17,"column":27},"end":{"line":17,"column":130}},"10":{"start":{"line":19,"column":6},"end":{"line":19,"column":25}},"11":{"start":{"line":22,"column":31},"end":{"line":56,"column":4}},"12":{"start":{"line":23,"column":6},"end":{"line":55,"column":7}},"13":{"start":{"line":24,"column":9},"end":{"line":24,"column":19}},"14":{"start":{"line":25,"column":13},"end":{"line":55,"column":7}},"15":{"start":{"line":26,"column":9},"end":{"line":26,"column":21}},"16":{"start":{"line":27,"column":13},"end":{"line":55,"column":7}},"17":{"start":{"line":28,"column":9},"end":{"line":28,"column":20}},"18":{"start":{"line":29,"column":13},"end":{"line":55,"column":7}},"19":{"start":{"line":30,"column":9},"end":{"line":30,"column":21}},"20":{"start":{"line":31,"column":13},"end":{"line":55,"column":7}},"21":{"start":{"line":32,"column":9},"end":{"line":32,"column":19}},"22":{"start":{"line":33,"column":13},"end":{"line":55,"column":7}},"23":{"start":{"line":34,"column":9},"end":{"line":34,"column":21}},"24":{"start":{"line":35,"column":13},"end":{"line":55,"column":7}},"25":{"start":{"line":36,"column":9},"end":{"line":36,"column":20}},"26":{"start":{"line":37,"column":13},"end":{"line":55,"column":7}},"27":{"start":{"line":38,"column":9},"end":{"line":38,"column":21}},"28":{"start":{"line":39,"column":13},"end":{"line":55,"column":7}},"29":{"start":{"line":40,"column":9},"end":{"line":40,"column":19}},"30":{"start":{"line":41,"column":13},"end":{"line":55,"column":7}},"31":{"start":{"line":42,"column":9},"end":{"line":42,"column":21}},"32":{"start":{"line":43,"column":13},"end":{"line":55,"column":7}},"33":{"start":{"line":44,"column":9},"end":{"line":44,"column":20}},"34":{"start":{"line":45,"column":13},"end":{"line":55,"column":7}},"35":{"start":{"line":46,"column":9},"end":{"line":46,"column":21}},"36":{"start":{"line":47,"column":13},"end":{"line":55,"column":7}},"37":{"start":{"line":48,"column":9},"end":{"line":48,"column":19}},"38":{"start":{"line":49,"column":13},"end":{"line":55,"column":7}},"39":{"start":{"line":50,"column":9},"end":{"line":50,"column":21}},"40":{"start":{"line":51,"column":13},"end":{"line":55,"column":7}},"41":{"start":{"line":52,"column":9},"end":{"line":52,"column":20}},"42":{"start":{"line":53,"column":13},"end":{"line":55,"column":7}},"43":{"start":{"line":54,"column":9},"end":{"line":54,"column":21}},"44":{"start":{"line":58,"column":24},"end":{"line":58,"column":60}},"45":{"start":{"line":60,"column":16},"end":{"line":68,"column":4}},"46":{"start":{"line":70,"column":3},"end":{"line":90,"column":5}}},"fnMap":{"0":{"name":"(anonymous_0)","decl":{"start":{"line":4,"column":27},"end":{"line":4,"column":28}},"loc":{"start":{"line":4,"column":49},"end":{"line":91,"column":1}},"line":4},"1":{"name":"(anonymous_1)","decl":{"start":{"line":5,"column":22},"end":{"line":5,"column":23}},"loc":{"start":{"line":5,"column":39},"end":{"line":10,"column":4}},"line":5},"2":{"name":"(anonymous_2)","decl":{"start":{"line":12,"column":23},"end":{"line":12,"column":24}},"loc":{"start":{"line":12,"column":33},"end":{"line":20,"column":4}},"line":12},"3":{"name":"(anonymous_3)","decl":{"start":{"line":22,"column":31},"end":{"line":22,"column":32}},"loc":{"start":{"line":22,"column":40},"end":{"line":56,"column":4}},"line":22}},"branchMap":{"0":{"loc":{"start":{"line":7,"column":25},"end":{"line":7,"column":74}},"type":"cond-expr","locations":[{"start":{"line":7,"column":43},"end":{"line":7,"column":60}},{"start":{"line":7,"column":63},"end":{"line":7,"column":74}}],"line":7},"1":{"loc":{"start":{"line":23,"column":6},"end":{"line":55,"column":7}},"type":"if","locations":[{"start":{"line":23,"column":6},"end":{"line":55,"column":7}},{"start":{"line":25,"column":13},"end":{"line":55,"column":7}}],"line":23},"2":{"loc":{"start":{"line":23,"column":10},"end":{"line":23,"column":39}},"type":"binary-expr","locations":[{"start":{"line":23,"column":10},"end":{"line":23,"column":23}},{"start":{"line":23,"column":27},"end":{"line":23,"column":39}}],"line":23},"3":{"loc":{"start":{"line":25,"column":13},"end":{"line":55,"column":7}},"type":"if","locations":[{"start":{"line":25,"column":13},"end":{"line":55,"column":7}},{"start":{"line":27,"column":13},"end":{"line":55,"column":7}}],"line":25},"4":{"loc":{"start":{"line":25,"column":17},"end":{"line":25,"column":45}},"type":"binary-expr","locations":[{"start":{"line":25,"column":17},"end":{"line":25,"column":29}},{"start":{"line":25,"column":33},"end":{"line":25,"column":45}}],"line":25},"5":{"loc":{"start":{"line":27,"column":13},"end":{"line":55,"column":7}},"type":"if","locations":[{"start":{"line":27,"column":13},"end":{"line":55,"column":7}},{"start":{"line":29,"column":13},"end":{"line":55,"column":7}}],"line":27},"6":{"loc":{"start":{"line":27,"column":17},"end":{"line":27,"column":45}},"type":"binary-expr","locations":[{"start":{"line":27,"column":17},"end":{"line":27,"column":29}},{"start":{"line":27,"column":33},"end":{"line":27,"column":45}}],"line":27},"7":{"loc":{"start":{"line":29,"column":13},"end":{"line":55,"column":7}},"type":"if","locations":[{"start":{"line":29,"column":13},"end":{"line":55,"column":7}},{"start":{"line":31,"column":13},"end":{"line":55,"column":7}}],"line":29},"8":{"loc":{"start":{"line":29,"column":17},"end":{"line":29,"column":45}},"type":"binary-expr","locations":[{"start":{"line":29,"column":17},"end":{"line":29,"column":29}},{"start":{"line":29,"column":33},"end":{"line":29,"column":45}}],"line":29},"9":{"loc":{"start":{"line":31,"column":13},"end":{"line":55,"column":7}},"type":"if","locations":[{"start":{"line":31,"column":13},"end":{"line":55,"column":7}},{"start":{"line":33,"column":13},"end":{"line":55,"column":7}}],"line":31},"10":{"loc":{"start":{"line":31,"column":17},"end":{"line":31,"column":46}},"type":"binary-expr","locations":[{"start":{"line":31,"column":17},"end":{"line":31,"column":29}},{"start":{"line":31,"column":33},"end":{"line":31,"column":46}}],"line":31},"11":{"loc":{"start":{"line":33,"column":13},"end":{"line":55,"column":7}},"type":"if","locations":[{"start":{"line":33,"column":13},"end":{"line":55,"column":7}},{"start":{"line":35,"column":13},"end":{"line":55,"column":7}}],"line":33},"12":{"loc":{"start":{"line":33,"column":17},"end":{"line":33,"column":47}},"type":"binary-expr","locations":[{"start":{"line":33,"column":17},"end":{"line":33,"column":30}},{"start":{"line":33,"column":34},"end":{"line":33,"column":47}}],"line":33},"13":{"loc":{"start":{"line":35,"column":13},"end":{"line":55,"column":7}},"type":"if","locations":[{"start":{"line":35,"column":13},"end":{"line":55,"column":7}},{"start":{"line":37,"column":13},"end":{"line":55,"column":7}}],"line":35},"14":{"loc":{"start":{"line":35,"column":17},"end":{"line":35,"column":47}},"type":"binary-expr","locations":[{"start":{"line":35,"column":17},"end":{"line":35,"column":30}},{"start":{"line":35,"column":34},"end":{"line":35,"column":47}}],"line":35},"15":{"loc":{"start":{"line":37,"column":13},"end":{"line":55,"column":7}},"type":"if","locations":[{"start":{"line":37,"column":13},"end":{"line":55,"column":7}},{"start":{"line":39,"column":13},"end":{"line":55,"column":7}}],"line":37},"16":{"loc":{"start":{"line":37,"column":17},"end":{"line":37,"column":47}},"type":"binary-expr","locations":[{"start":{"line":37,"column":17},"end":{"line":37,"column":30}},{"start":{"line":37,"column":34},"end":{"line":37,"column":47}}],"line":37},"17":{"loc":{"start":{"line":39,"column":13},"end":{"line":55,"column":7}},"type":"if","locations":[{"start":{"line":39,"column":13},"end":{"line":55,"column":7}},{"start":{"line":41,"column":13},"end":{"line":55,"column":7}}],"line":39},"18":{"loc":{"start":{"line":39,"column":17},"end":{"line":39,"column":47}},"type":"binary-expr","locations":[{"start":{"line":39,"column":17},"end":{"line":39,"column":30}},{"start":{"line":39,"column":34},"end":{"line":39,"column":47}}],"line":39},"19":{"loc":{"start":{"line":41,"column":13},"end":{"line":55,"column":7}},"type":"if","locations":[{"start":{"line":41,"column":13},"end":{"line":55,"column":7}},{"start":{"line":43,"column":13},"end":{"line":55,"column":7}}],"line":41},"20":{"loc":{"start":{"line":41,"column":17},"end":{"line":41,"column":47}},"type":"binary-expr","locations":[{"start":{"line":41,"column":17},"end":{"line":41,"column":30}},{"start":{"line":41,"column":34},"end":{"line":41,"column":47}}],"line":41},"21":{"loc":{"start":{"line":43,"column":13},"end":{"line":55,"column":7}},"type":"if","locations":[{"start":{"line":43,"column":13},"end":{"line":55,"column":7}},{"start":{"line":45,"column":13},"end":{"line":55,"column":7}}],"line":43},"22":{"loc":{"start":{"line":43,"column":17},"end":{"line":43,"column":47}},"type":"binary-expr","locations":[{"start":{"line":43,"column":17},"end":{"line":43,"column":30}},{"start":{"line":43,"column":34},"end":{"line":43,"column":47}}],"line":43},"23":{"loc":{"start":{"line":45,"column":13},"end":{"line":55,"column":7}},"type":"if","locations":[{"start":{"line":45,"column":13},"end":{"line":55,"column":7}},{"start":{"line":47,"column":13},"end":{"line":55,"column":7}}],"line":45},"24":{"loc":{"start":{"line":45,"column":17},"end":{"line":45,"column":47}},"type":"binary-expr","locations":[{"start":{"line":45,"column":17},"end":{"line":45,"column":30}},{"start":{"line":45,"column":34},"end":{"line":45,"column":47}}],"line":45},"25":{"loc":{"start":{"line":47,"column":13},"end":{"line":55,"column":7}},"type":"if","locations":[{"start":{"line":47,"column":13},"end":{"line":55,"column":7}},{"start":{"line":49,"column":13},"end":{"line":55,"column":7}}],"line":47},"26":{"loc":{"start":{"line":47,"column":17},"end":{"line":47,"column":47}},"type":"binary-expr","locations":[{"start":{"line":47,"column":17},"end":{"line":47,"column":30}},{"start":{"line":47,"column":34},"end":{"line":47,"column":47}}],"line":47},"27":{"loc":{"start":{"line":49,"column":13},"end":{"line":55,"column":7}},"type":"if","locations":[{"start":{"line":49,"column":13},"end":{"line":55,"column":7}},{"start":{"line":51,"column":13},"end":{"line":55,"column":7}}],"line":49},"28":{"loc":{"start":{"line":49,"column":17},"end":{"line":49,"column":47}},"type":"binary-expr","locations":[{"start":{"line":49,"column":17},"end":{"line":49,"column":30}},{"start":{"line":49,"column":34},"end":{"line":49,"column":47}}],"line":49},"29":{"loc":{"start":{"line":51,"column":13},"end":{"line":55,"column":7}},"type":"if","locations":[{"start":{"line":51,"column":13},"end":{"line":55,"column":7}},{"start":{"line":53,"column":13},"end":{"line":55,"column":7}}],"line":51},"30":{"loc":{"start":{"line":51,"column":17},"end":{"line":51,"column":47}},"type":"binary-expr","locations":[{"start":{"line":51,"column":17},"end":{"line":51,"column":30}},{"start":{"line":51,"column":34},"end":{"line":51,"column":47}}],"line":51},"31":{"loc":{"start":{"line":53,"column":13},"end":{"line":55,"column":7}},"type":"if","locations":[{"start":{"line":53,"column":13},"end":{"line":55,"column":7}},{"start":{},"end":{}}],"line":53},"32":{"loc":{"start":{"line":53,"column":17},"end":{"line":53,"column":47}},"type":"binary-expr","locations":[{"start":{"line":53,"column":17},"end":{"line":53,"column":30}},{"start":{"line":53,"column":34},"end":{"line":53,"column":47}}],"line":53}},"s":{"0":1,"1":0,"2":0,"3":0,"4":0,"5":0,"6":0,"7":0,"8":0,"9":0,"10":0,"11":0,"12":0,"13":0,"14":0,"15":0,"16":0,"17":0,"18":0,"19":0,"20":0,"21":0,"22":0,"23":0,"24":0,"25":0,"26":0,"27":0,"28":0,"29":0,"30":0,"31":0,"32":0,"33":0,"34":0,"35":0,"36":0,"37":0,"38":0,"39":0,"40":0,"41":0,"42":0,"43":0,"44":0,"45":0,"46":0},"f":{"0":0,"1":0,"2":0,"3":0},"b":{"0":[0,0],"1":[0,0],"2":[0,0],"3":[0,0],"4":[0,0],"5":[0,0],"6":[0,0],"7":[0,0],"8":[0,0],"9":[0,0],"10":[0,0],"11":[0,0],"12":[0,0],"13":[0,0],"14":[0,0],"15":[0,0],"16":[0,0],"17":[0,0],"18":[0,0],"19":[0,0],"20":[0,0],"21":[0,0],"22":[0,0],"23":[0,0],"24":[0,0],"25":[0,0],"26":[0,0],"27":[0,0],"28":[0,0],"29":[0,0],"30":[0,0],"31":[0,0],"32":[0,0]},"_coverageSchema":"1a1c01bbd47fc00a2c39e90264f33305004495a9","hash":"24260f2b83e39f813659c66e71291c79b17a5ad3"}
,"C:\\Users\\erikh\\Desktop\\pari\\src\\hoc\\Container\\Container.js": {"path":"C:\\Users\\erikh\\Desktop\\pari\\src\\hoc\\Container\\Container.js","statementMap":{"0":{"start":{"line":4,"column":18},"end":{"line":8,"column":1}},"1":{"start":{"line":5,"column":3},"end":{"line":7,"column":9}}},"fnMap":{"0":{"name":"(anonymous_0)","decl":{"start":{"line":4,"column":18},"end":{"line":4,"column":19}},"loc":{"start":{"line":5,"column":3},"end":{"line":7,"column":9}},"line":5}},"branchMap":{},"s":{"0":2,"1":3},"f":{"0":3},"b":{},"_coverageSchema":"1a1c01bbd47fc00a2c39e90264f33305004495a9","hash":"851d3ac518a1d87535bb169a906448793ac15ee9"}
,"C:\\Users\\erikh\\Desktop\\pari\\src\\hooks\\useActions.js": {"path":"C:\\Users\\erikh\\Desktop\\pari\\src\\hooks\\useActions.js","statementMap":{"0":{"start":{"line":6,"column":26},"end":{"line":9,"column":1}},"1":{"start":{"line":7,"column":20},"end":{"line":7,"column":33}},"2":{"start":{"line":8,"column":3},"end":{"line":8,"column":55}}},"fnMap":{"0":{"name":"(anonymous_0)","decl":{"start":{"line":6,"column":26},"end":{"line":6,"column":27}},"loc":{"start":{"line":6,"column":32},"end":{"line":9,"column":1}},"line":6}},"branchMap":{},"s":{"0":1,"1":0,"2":0},"f":{"0":0},"b":{},"_coverageSchema":"1a1c01bbd47fc00a2c39e90264f33305004495a9","hash":"221194004a0891c00164e88eaa9cda934f33777f"}
,"C:\\Users\\erikh\\Desktop\\pari\\src\\store\\actionCreators\\forecastCreator.js": {"path":"C:\\Users\\erikh\\Desktop\\pari\\src\\store\\actionCreators\\forecastCreator.js","statementMap":{"0":{"start":{"line":5,"column":29},"end":{"line":20,"column":1}},"1":{"start":{"line":6,"column":3},"end":{"line":19,"column":4}},"2":{"start":{"line":7,"column":6},"end":{"line":18,"column":7}},"3":{"start":{"line":8,"column":9},"end":{"line":8,"column":42}},"4":{"start":{"line":10,"column":26},"end":{"line":10,"column":141}},"5":{"start":{"line":12,"column":9},"end":{"line":12,"column":74}},"6":{"start":{"line":14,"column":9},"end":{"line":17,"column":11}},"7":{"start":{"line":22,"column":35},"end":{"line":37,"column":1}},"8":{"start":{"line":23,"column":3},"end":{"line":36,"column":4}},"9":{"start":{"line":24,"column":6},"end":{"line":35,"column":7}},"10":{"start":{"line":25,"column":9},"end":{"line":25,"column":49}},"11":{"start":{"line":27,"column":26},"end":{"line":27,"column":142}},"12":{"start":{"line":29,"column":9},"end":{"line":29,"column":81}},"13":{"start":{"line":31,"column":9},"end":{"line":34,"column":11}}},"fnMap":{"0":{"name":"(anonymous_0)","decl":{"start":{"line":5,"column":29},"end":{"line":5,"column":30}},"loc":{"start":{"line":5,"column":39},"end":{"line":20,"column":1}},"line":5},"1":{"name":"(anonymous_1)","decl":{"start":{"line":6,"column":10},"end":{"line":6,"column":11}},"loc":{"start":{"line":6,"column":30},"end":{"line":19,"column":4}},"line":6},"2":{"name":"(anonymous_2)","decl":{"start":{"line":22,"column":35},"end":{"line":22,"column":36}},"loc":{"start":{"line":22,"column":45},"end":{"line":37,"column":1}},"line":22},"3":{"name":"(anonymous_3)","decl":{"start":{"line":23,"column":10},"end":{"line":23,"column":11}},"loc":{"start":{"line":23,"column":30},"end":{"line":36,"column":4}},"line":23}},"branchMap":{},"s":{"0":1,"1":0,"2":0,"3":0,"4":0,"5":0,"6":0,"7":1,"8":0,"9":0,"10":0,"11":0,"12":0,"13":0},"f":{"0":0,"1":0,"2":0,"3":0},"b":{},"_coverageSchema":"1a1c01bbd47fc00a2c39e90264f33305004495a9","hash":"be3eea971b6a55cfdc2a728651ccdc061b3379b9"}
,"C:\\Users\\erikh\\Desktop\\pari\\src\\store\\actionCreators\\index.js": {"path":"C:\\Users\\erikh\\Desktop\\pari\\src\\store\\actionCreators\\index.js","statementMap":{"0":{"start":{"line":3,"column":17},"end":{"line":5,"column":1}}},"fnMap":{},"branchMap":{},"s":{"0":1},"f":{},"b":{},"_coverageSchema":"1a1c01bbd47fc00a2c39e90264f33305004495a9","hash":"4e7e72239d20353ff2130e4585d6dc7d8caf8886"}
,"C:\\Users\\erikh\\Desktop\\pari\\src\\store\\types\\forecastTypes.js": {"path":"C:\\Users\\erikh\\Desktop\\pari\\src\\store\\types\\forecastTypes.js","statementMap":{"0":{"start":{"line":1,"column":30},"end":{"line":1,"column":46}},"1":{"start":{"line":2,"column":38},"end":{"line":2,"column":62}},"2":{"start":{"line":3,"column":36},"end":{"line":3,"column":58}}},"fnMap":{},"branchMap":{},"s":{"0":1,"1":1,"2":1},"f":{},"b":{},"_coverageSchema":"1a1c01bbd47fc00a2c39e90264f33305004495a9","hash":"a360d6e4a9647aaf0f7fb8fd82b4eda52caf44e1"}
,"C:\\Users\\erikh\\Desktop\\pari\\src\\store\\types\\weeklyForecastTypes.js": {"path":"C:\\Users\\erikh\\Desktop\\pari\\src\\store\\types\\weeklyForecastTypes.js","statementMap":{"0":{"start":{"line":1,"column":37},"end":{"line":1,"column":60}},"1":{"start":{"line":2,"column":45},"end":{"line":2,"column":76}},"2":{"start":{"line":3,"column":43},"end":{"line":3,"column":72}}},"fnMap":{},"branchMap":{},"s":{"0":1,"1":1,"2":1},"f":{},"b":{},"_coverageSchema":"1a1c01bbd47fc00a2c39e90264f33305004495a9","hash":"0fdf48516c0a84d56ec29fd9fc176b66188e5bae"}
}
